******creating user*****
****** user created*****
******Reading User Info******
*****User read info******
****updating User******
********updated user************
********deleting user************
********user deleted************
******creating user*****
******Reading User Info******
****updating User******
********deleting user************
******creating user*****
****** user created*****
******Reading User Info******
*****User read info******
****updating User******
********updated user************
********deleting user************
********user deleted************
******creating user*****
******Reading User Info******
****updating User******
********deleting user************
******creating user*****
****** user created*****
******Reading User Info******
*****User read info******
****updating User******
********updated user************
********deleting user************
********user deleted************
******creating user*****
******Reading User Info******
****updating User******
********deleting user************
******creating user*****
******Reading User Info******
****updating User******
********deleting user************
******creating user*****
****** user created*****
******Reading User Info******
****updating User******
********deleting user************
********user deleted************
******creating user*****
****** user created*****
******Reading User Info******
*****User read info******
****updating User******
********deleting user************
********user deleted************
******creating user*****
****** user created*****
******Reading User Info******
*****User read info******
****updating User******
********deleting user************
********user deleted************
******creating user*****
****** user created*****
******Reading User Info******
*****User read info******
****updating User******
********deleting user************
********user deleted************
******creating user*****
****** user created*****
******Reading User Info******
*****User read info******
****updating User******
********updated user************
********deleting user************
********user deleted************
******creating user*****
****** user created*****
******Reading User Info******
*****User read info******
****updating User******
********deleting user************
********user deleted************
******creating user*****
******creating user*****
****** user created*****
****** user created*****
******Reading User Info******
******Reading User Info******
****updating User******
*****User read info******
****updating User******
********updated user************
********updated user************
********deleting user************
********deleting user************
******creating user*****
********user deleted************
******creating user*****
****** user created*****
******Reading User Info******
****** user created*****
******Reading User Info******
*****User read info******
****updating User******
*****User read info******
****updating User******
********deleting user************
********deleting user************
********user deleted************
********user deleted************
